This file contains any messages produced by compilers while
running configure, to aid debugging if configure makes a mistake.

It was created by configure, which was
generated by GNU Autoconf 2.66.  Invocation command line was

  $ ./configure --disable-option-checking --prefix=/usr/local --enable-ios=iphone --enable-h323 --enable-pcss --host=arm-apple-darwin11 cc=/Developer/Platforms/iPhoneOS.platform/Developer/usr/bin/gcc -arch arm -isysroot /Developer/Platforms/iPhoneOS.platform/Developer/SDKs/iPhoneOS5.0.sdk host_alias=arm-apple-darwin11 --cache-file=/dev/null --srcdir=.

## --------- ##
## Platform. ##
## --------- ##

hostname = keid-no-iMac.local
uname -m = x86_64
uname -r = 11.2.0
uname -s = Darwin
uname -v = Darwin Kernel Version 11.2.0: Tue Aug  9 20:54:00 PDT 2011; root:xnu-1699.24.8~1/RELEASE_X86_64

/usr/bin/uname -p = i386
/bin/uname -X     = unknown

/bin/arch              = unknown
/usr/bin/arch -k       = unknown
/usr/convex/getsysinfo = unknown
/usr/bin/hostinfo      = Mach kernel version:
	 Darwin Kernel Version 11.2.0: Tue Aug  9 20:54:00 PDT 2011; root:xnu-1699.24.8~1/RELEASE_X86_64
Kernel configured for up to 4 processors.
4 processors are physically available.
4 processors are logically available.
Processor type: i486 (Intel 80486)
Processors active: 0 1 2 3
Primary memory available: 4.00 gigabytes
Default processor set: 141 tasks, 710 threads, 4 processors
Load average: 1.25, Mach factor: 2.74
/bin/machine           = unknown
/usr/bin/oslevel       = unknown
/bin/universe          = unknown

PATH: /usr/bin
PATH: /bin
PATH: /usr/sbin
PATH: /sbin
PATH: /usr/local/bin
PATH: /usr/X11/bin


## ----------- ##
## Core tests. ##
## ----------- ##

configure:2796: checking for arm-apple-darwin11-pkg-config
configure:2829: result: no
configure:2839: checking for pkg-config
configure:2857: found /usr/local/bin/pkg-config
configure:2869: result: /usr/local/bin/pkg-config
configure:2894: checking pkg-config is at least version 0.9.0
configure:2897: result: yes
configure:2938: checking build system type
configure:2952: result: i686-apple-darwin11.2.0
configure:2972: checking host system type
configure:2985: result: arm-apple-darwin11
configure:3005: checking target system type
configure:3018: result: arm-apple-darwin11
configure:3144: checking for arm-apple-darwin11-g++
configure:3174: result: no
configure:3144: checking for arm-apple-darwin11-c++
configure:3174: result: no
configure:3144: checking for arm-apple-darwin11-gpp
configure:3174: result: no
configure:3144: checking for arm-apple-darwin11-aCC
configure:3174: result: no
configure:3144: checking for arm-apple-darwin11-CC
configure:3174: result: no
configure:3144: checking for arm-apple-darwin11-cxx
configure:3174: result: no
configure:3144: checking for arm-apple-darwin11-cc++
configure:3174: result: no
configure:3144: checking for arm-apple-darwin11-cl.exe
configure:3174: result: no
configure:3144: checking for arm-apple-darwin11-FCC
configure:3174: result: no
configure:3144: checking for arm-apple-darwin11-KCC
configure:3174: result: no
configure:3144: checking for arm-apple-darwin11-RCC
configure:3174: result: no
configure:3144: checking for arm-apple-darwin11-xlC_r
configure:3174: result: no
configure:3144: checking for arm-apple-darwin11-xlC
configure:3174: result: no
configure:3188: checking for g++
configure:3204: found /usr/bin/g++
configure:3215: result: g++
configure:3242: checking for C++ compiler version
configure:3251: g++ --version >&5
i686-apple-darwin11-llvm-g++-4.2 (GCC) 4.2.1 (Based on Apple Inc. build 5658) (LLVM build 2336.1.00)
Copyright (C) 2007 Free Software Foundation, Inc.
This is free software; see the source for copying conditions.  There is NO
warranty; not even for MERCHANTABILITY or FITNESS FOR A PARTICULAR PURPOSE.

configure:3262: $? = 0
configure:3251: g++ -v >&5
Using built-in specs.
Target: i686-apple-darwin11
Configured with: /private/var/tmp/llvmgcc42/llvmgcc42-2336.1~1/src/configure --disable-checking --enable-werror --prefix=/Developer/usr/llvm-gcc-4.2 --mandir=/share/man --enable-languages=c,objc,c++,obj-c++ --program-prefix=llvm- --program-transform-name=/^[cg][^.-]*$/s/$/-4.2/ --with-slibdir=/usr/lib --build=i686-apple-darwin11 --enable-llvm=/private/var/tmp/llvmgcc42/llvmgcc42-2336.1~1/dst-llvmCore/Developer/usr/local --program-prefix=i686-apple-darwin11- --host=x86_64-apple-darwin11 --target=i686-apple-darwin11 --with-gxx-include-dir=/usr/include/c++/4.2.1
Thread model: posix
gcc version 4.2.1 (Based on Apple Inc. build 5658) (LLVM build 2336.1.00)
configure:3262: $? = 0
configure:3251: g++ -V >&5
llvm-g++-4.2: argument to `-V' is missing
configure:3262: $? = 1
configure:3251: g++ -qversion >&5
i686-apple-darwin11-llvm-g++-4.2: no input files
configure:3262: $? = 1
configure:3282: checking whether the C++ compiler works
configure:3304: g++    conftest.cpp  >&5
configure:3308: $? = 0
configure:3356: result: yes
configure:3359: checking for C++ compiler default output file name
configure:3361: result: a.out
configure:3367: checking for suffix of executables
configure:3374: g++ -o conftest    conftest.cpp  >&5
configure:3378: $? = 0
configure:3400: result: 
configure:3422: checking whether we are cross compiling
configure:3430: g++ -o conftest    conftest.cpp  >&5
configure:3434: $? = 0
configure:3441: ./conftest
configure:3445: $? = 0
configure:3460: result: no
configure:3465: checking for suffix of object files
configure:3487: g++ -c   conftest.cpp >&5
configure:3491: $? = 0
configure:3512: result: o
configure:3516: checking whether we are using the GNU C++ compiler
configure:3535: g++ -c   conftest.cpp >&5
configure:3535: $? = 0
configure:3544: result: yes
configure:3553: checking whether g++ accepts -g
configure:3573: g++ -c -g  conftest.cpp >&5
configure:3573: $? = 0
configure:3614: result: yes
configure:3865: checking for PTLIB
configure:3872: $PKG_CONFIG --exists --print-errors "ptlib >= ${PTLIB_REC_VERSION}"
configure:3875: $? = 0
configure:3888: $PKG_CONFIG --exists --print-errors "ptlib >= ${PTLIB_REC_VERSION}"
configure:3891: $? = 0
configure:3950: result: yes
configure:4070: checking linkable PTLib
configure:4103: g++ -o conftest -g -O2 -DPTRACING=2 -D_REENTRANT -fno-exceptions -I/usr/local/include   -felide-constructors -Wreorder   conftest.cpp -L/Developer/Platforms/iPhoneOS.platform/Developer/SDKs/iPhoneOS5.0.sdk/usr/lib -L/usr/local/lib -lpt   >&5
ld: warning: ignoring file /Developer/Platforms/iPhoneOS.platform/Developer/SDKs/iPhoneOS5.0.sdk/usr/lib/libstdc++.dylib, missing required architecture x86_64 in file
ld: warning: ignoring file /Developer/Platforms/iPhoneOS.platform/Developer/SDKs/iPhoneOS5.0.sdk/usr/lib/libSystem.dylib, missing required architecture x86_64 in file
Undefined symbols for architecture x86_64:
  "_exit", referenced from:
      start in crt1.10.6.o
  "std::ios_base::Init::Init()", referenced from:
      global constructors keyed to mainin ccTJVB2k.o
  "___cxa_atexit", referenced from:
      global constructors keyed to mainin ccTJVB2k.o
  "std::ios_base::Init::~Init()", referenced from:
      ___tcf_0 in ccTJVB2k.o
  "std::basic_ostream<char, std::char_traits<char> >& std::operator<< <std::char_traits<char> >(std::basic_ostream<char, std::char_traits<char> >&, char)", referenced from:
      PBaseArray<char>::PrintElementOn(std::basic_ostream<char, std::char_traits<char> >&, int) constin ccTJVB2k.o
  "_memcmp", referenced from:
      PBaseArray<char>::CompareObjectMemoryDirect(PObject const&) constin ccTJVB2k.o
  "operator delete(void*)", referenced from:
      PBaseArray<char>::~PBaseArray()in ccTJVB2k.o
  "_strcmp", referenced from:
      PBaseArray<char>::InternalIsDescendant(char const*) constin ccTJVB2k.o
  "operator new(unsigned long)", referenced from:
      PBaseArray<char>::Clone() constin ccTJVB2k.o
  "vtable for __cxxabiv1::__si_class_type_info", referenced from:
      typeinfo for PBaseArray<char>in ccTJVB2k.o
  NOTE: a missing vtable usually means the first non-inline virtual member function has no definition.
ld: symbol(s) not found for architecture x86_64
collect2: ld returned 1 exit status
configure:4103: $? = 1
configure: failed program was:
| /* confdefs.h */
| #define PACKAGE_NAME ""
| #define PACKAGE_TARNAME ""
| #define PACKAGE_VERSION ""
| #define PACKAGE_STRING ""
| #define PACKAGE_BUGREPORT ""
| #define PACKAGE_URL ""
| 
| /* end confdefs.h.  */
| 
|                             #include <ptbuildopts.h>
|                             #include <ptlib.h>
| int
| main ()
| {
| 
|                               PString str("");
| 
|   ;
|   return 0;
| }
configure:4141: g++ -o conftest -g -O2 -DPTRACING=2 -D_REENTRANT -fno-exceptions -I/usr/local/include   -felide-constructors -Wreorder   conftest.cpp -L/Developer/Platforms/iPhoneOS.platform/Developer/SDKs/iPhoneOS5.0.sdk/usr/lib -L/usr/local/lib -lpt_d   >&5
ld: library not found for -lpt_d
collect2: ld returned 1 exit status
configure:4141: $? = 1
configure: failed program was:
| /* confdefs.h */
| #define PACKAGE_NAME ""
| #define PACKAGE_TARNAME ""
| #define PACKAGE_VERSION ""
| #define PACKAGE_STRING ""
| #define PACKAGE_BUGREPORT ""
| #define PACKAGE_URL ""
| /* end confdefs.h.  */
| 
|                             #include <ptbuildopts.h>
|                             #include <ptlib.h>
| int
| main ()
| {
| 
|                               PString str("");
| 
|   ;
|   return 0;
| }
configure:4181: g++ -o conftest -g -O2 -DPTRACING=2 -D_REENTRANT -fno-exceptions -I/usr/local/include   -felide-constructors -Wreorder   conftest.cpp -L/Developer/Platforms/iPhoneOS.platform/Developer/SDKs/iPhoneOS5.0.sdk/usr/lib -L/usr/local/lib -lpt_s -lresolv -lpthread -lc   >&5
ld: warning: ignoring file /Developer/Platforms/iPhoneOS.platform/Developer/SDKs/iPhoneOS5.0.sdk/usr/lib/libpt_s.a, file was built for archive which is not the architecture being linked (x86_64)
ld: warning: ignoring file /Developer/Platforms/iPhoneOS.platform/Developer/SDKs/iPhoneOS5.0.sdk/usr/lib/libresolv.dylib, missing required architecture x86_64 in file
ld: warning: ignoring file /Developer/Platforms/iPhoneOS.platform/Developer/SDKs/iPhoneOS5.0.sdk/usr/lib/libpthread.dylib, missing required architecture x86_64 in file
ld: warning: ignoring file /Developer/Platforms/iPhoneOS.platform/Developer/SDKs/iPhoneOS5.0.sdk/usr/lib/libstdc++.dylib, missing required architecture x86_64 in file
ld: warning: ignoring file /Developer/Platforms/iPhoneOS.platform/Developer/SDKs/iPhoneOS5.0.sdk/usr/lib/libc.dylib, missing required architecture x86_64 in file
ld: warning: ignoring file /Developer/Platforms/iPhoneOS.platform/Developer/SDKs/iPhoneOS5.0.sdk/usr/lib/libSystem.dylib, missing required architecture x86_64 in file
Undefined symbols for architecture x86_64:
  "_exit", referenced from:
      start in crt1.10.6.o
  "PString::PString(char const*)", referenced from:
      _main in cc74KzMU.o
  "vtable for PAbstractArray", referenced from:
      _main in cc74KzMU.o
      PBaseArray<char>::~PBaseArray()in cc74KzMU.o
      PBaseArray<char>::~PBaseArray()in cc74KzMU.o
  NOTE: a missing vtable usually means the first non-inline virtual member function has no definition.
  "PContainer::Destruct()", referenced from:
      _main in cc74KzMU.o
      PBaseArray<char>::~PBaseArray()in cc74KzMU.o
      PBaseArray<char>::~PBaseArray()in cc74KzMU.o
  "vtable for PContainer", referenced from:
      _main in cc74KzMU.o
      PBaseArray<char>::~PBaseArray()in cc74KzMU.o
      PBaseArray<char>::~PBaseArray()in cc74KzMU.o
  NOTE: a missing vtable usually means the first non-inline virtual member function has no definition.
  "std::ios_base::Init::Init()", referenced from:
      global constructors keyed to mainin cc74KzMU.o
  "___cxa_atexit", referenced from:
      global constructors keyed to mainin cc74KzMU.o
  "std::ios_base::Init::~Init()", referenced from:
      ___tcf_0 in cc74KzMU.o
  "PAssertFunc(char const*, int, char const*, PStandardAssertMessage)", referenced from:
      PBaseArray<char>::PrintElementOn(std::basic_ostream<char, std::char_traits<char> >&, int) constin cc74KzMU.o
  "std::basic_ostream<char, std::char_traits<char> >& std::operator<< <std::char_traits<char> >(std::basic_ostream<char, std::char_traits<char> >&, char)", referenced from:
      PBaseArray<char>::PrintElementOn(std::basic_ostream<char, std::char_traits<char> >&, int) constin cc74KzMU.o
  "_memcmp", referenced from:
      PBaseArray<char>::CompareObjectMemoryDirect(PObject const&) constin cc74KzMU.o
  "PContainer::AssignContents(PContainer const&)", referenced from:
      PAbstractArray::AssignContents(PContainer const&)   in cc74KzMU.o
  "PAbstractArray::CopyContents(PAbstractArray const&)", referenced from:
      PAbstractArray::AssignContents(PContainer const&)   in cc74KzMU.o
  "PContainer::MakeUnique()", referenced from:
      PAbstractArray::MakeUnique()       in cc74KzMU.o
  "PAbstractArray::CloneContents(PAbstractArray const*)", referenced from:
      PAbstractArray::MakeUnique()       in cc74KzMU.o
  "operator delete(void*)", referenced from:
      PBaseArray<char>::~PBaseArray()in cc74KzMU.o
  "_strcmp", referenced from:
      PBaseArray<char>::InternalIsDescendant(char const*) constin cc74KzMU.o
  "operator new(unsigned long)", referenced from:
      PBaseArray<char>::Clone() constin cc74KzMU.o
  "PAbstractArray::PAbstractArray(int, void const*, int, bool)", referenced from:
      PBaseArray<char>::Clone() constin cc74KzMU.o
  "PAbstractArray::Compare(PObject const&) const", referenced from:
      vtable for PBaseArray<char>in cc74KzMU.o
  "PAbstractArray::PrintOn(std::basic_ostream<char, std::char_traits<char> >&) const", referenced from:
      vtable for PBaseArray<char>in cc74KzMU.o
  "PAbstractArray::ReadFrom(std::basic_istream<char, std::char_traits<char> >&)", referenced from:
      vtable for PBaseArray<char>in cc74KzMU.o
  "PObject::HashFunction() const", referenced from:
      vtable for PBaseArray<char>in cc74KzMU.o
  "PContainer::GetSize() const", referenced from:
      vtable for PBaseArray<char>in cc74KzMU.o
  "PAbstractArray::SetSize(int)", referenced from:
      vtable for PBaseArray<char>in cc74KzMU.o
  "PContainer::IsEmpty() const", referenced from:
      vtable for PBaseArray<char>in cc74KzMU.o
  "PAbstractArray::DestroyContents()", referenced from:
      vtable for PBaseArray<char>in cc74KzMU.o
  "PContainer::DestroyReference()", referenced from:
      vtable for PBaseArray<char>in cc74KzMU.o
  "PAbstractArray::ReadElementFrom(std::basic_istream<char, std::char_traits<char> >&, int)", referenced from:
      vtable for PBaseArray<char>in cc74KzMU.o
  "vtable for __cxxabiv1::__si_class_type_info", referenced from:
      typeinfo for PBaseArray<char>in cc74KzMU.o
  NOTE: a missing vtable usually means the first non-inline virtual member function has no definition.
  "typeinfo for PAbstractArray", referenced from:
      typeinfo for PBaseArray<char>in cc74KzMU.o
ld: symbol(s) not found for architecture x86_64
collect2: ld returned 1 exit status
configure:4181: $? = 1
configure: failed program was:
| /* confdefs.h */
| #define PACKAGE_NAME ""
| #define PACKAGE_TARNAME ""
| #define PACKAGE_VERSION ""
| #define PACKAGE_STRING ""
| #define PACKAGE_BUGREPORT ""
| #define PACKAGE_URL ""
| /* end confdefs.h.  */
| 
|                             #include <ptbuildopts.h>
|                             #include <ptlib.h>
| int
| main ()
| {
| 
|                               PString str("");
| 
|   ;
|   return 0;
| }
configure:4219: g++ -o conftest -g -O2 -DPTRACING=2 -D_REENTRANT -fno-exceptions -I/usr/local/include   -felide-constructors -Wreorder   conftest.cpp -L/Developer/Platforms/iPhoneOS.platform/Developer/SDKs/iPhoneOS5.0.sdk/usr/lib -L/usr/local/lib -lpt_d_s -lresolv -lpthread -lc   >&5
ld: library not found for -lpt_d_s
collect2: ld returned 1 exit status
configure:4219: $? = 1
configure: failed program was:
| /* confdefs.h */
| #define PACKAGE_NAME ""
| #define PACKAGE_TARNAME ""
| #define PACKAGE_VERSION ""
| #define PACKAGE_STRING ""
| #define PACKAGE_BUGREPORT ""
| #define PACKAGE_URL ""
| /* end confdefs.h.  */
| 
|                             #include <ptbuildopts.h>
|                             #include <ptlib.h>
| int
| main ()
| {
| 
|                               PString str("");
| 
|   ;
|   return 0;
| }
configure:4233: result: not found
configure:4367: checking for C++ compiler version
configure:4376: g++ --version >&5
i686-apple-darwin11-llvm-g++-4.2 (GCC) 4.2.1 (Based on Apple Inc. build 5658) (LLVM build 2336.1.00)
Copyright (C) 2007 Free Software Foundation, Inc.
This is free software; see the source for copying conditions.  There is NO
warranty; not even for MERCHANTABILITY or FITNESS FOR A PARTICULAR PURPOSE.

configure:4387: $? = 0
configure:4376: g++ -v >&5
Using built-in specs.
Target: i686-apple-darwin11
Configured with: /private/var/tmp/llvmgcc42/llvmgcc42-2336.1~1/src/configure --disable-checking --enable-werror --prefix=/Developer/usr/llvm-gcc-4.2 --mandir=/share/man --enable-languages=c,objc,c++,obj-c++ --program-prefix=llvm- --program-transform-name=/^[cg][^.-]*$/s/$/-4.2/ --with-slibdir=/usr/lib --build=i686-apple-darwin11 --enable-llvm=/private/var/tmp/llvmgcc42/llvmgcc42-2336.1~1/dst-llvmCore/Developer/usr/local --program-prefix=i686-apple-darwin11- --host=x86_64-apple-darwin11 --target=i686-apple-darwin11 --with-gxx-include-dir=/usr/include/c++/4.2.1
Thread model: posix
gcc version 4.2.1 (Based on Apple Inc. build 5658) (LLVM build 2336.1.00)
configure:4387: $? = 0
configure:4376: g++ -V >&5
llvm-g++-4.2: argument to `-V' is missing
configure:4387: $? = 1
configure:4376: g++ -qversion >&5
i686-apple-darwin11-llvm-g++-4.2: no input files
configure:4387: $? = 1
configure:4391: checking whether we are using the GNU C++ compiler
configure:4419: result: yes
configure:4428: checking whether g++ accepts -g
configure:4489: result: yes
configure:4520: checking for arm-apple-darwin11-gcc
configure:4550: result: no
configure:4560: checking for gcc
configure:4576: found /usr/bin/gcc
configure:4587: result: gcc
configure:4816: checking for C compiler version
configure:4825: gcc --version >&5
i686-apple-darwin11-llvm-gcc-4.2 (GCC) 4.2.1 (Based on Apple Inc. build 5658) (LLVM build 2336.1.00)
Copyright (C) 2007 Free Software Foundation, Inc.
This is free software; see the source for copying conditions.  There is NO
warranty; not even for MERCHANTABILITY or FITNESS FOR A PARTICULAR PURPOSE.

configure:4836: $? = 0
configure:4825: gcc -v >&5
Using built-in specs.
Target: i686-apple-darwin11
Configured with: /private/var/tmp/llvmgcc42/llvmgcc42-2336.1~1/src/configure --disable-checking --enable-werror --prefix=/Developer/usr/llvm-gcc-4.2 --mandir=/share/man --enable-languages=c,objc,c++,obj-c++ --program-prefix=llvm- --program-transform-name=/^[cg][^.-]*$/s/$/-4.2/ --with-slibdir=/usr/lib --build=i686-apple-darwin11 --enable-llvm=/private/var/tmp/llvmgcc42/llvmgcc42-2336.1~1/dst-llvmCore/Developer/usr/local --program-prefix=i686-apple-darwin11- --host=x86_64-apple-darwin11 --target=i686-apple-darwin11 --with-gxx-include-dir=/usr/include/c++/4.2.1
Thread model: posix
gcc version 4.2.1 (Based on Apple Inc. build 5658) (LLVM build 2336.1.00)
configure:4836: $? = 0
configure:4825: gcc -V >&5
llvm-gcc-4.2: argument to `-V' is missing
configure:4836: $? = 1
configure:4825: gcc -qversion >&5
i686-apple-darwin11-llvm-gcc-4.2: no input files
configure:4836: $? = 1
configure:4840: checking whether we are using the GNU C compiler
configure:4859: gcc -c  -DPTRACING=2 -D_REENTRANT -fno-exceptions -I/usr/local/include    conftest.c >&5
configure:4859: $? = 0
configure:4868: result: yes
configure:4877: checking whether gcc accepts -g
configure:4897: gcc -c -g  conftest.c >&5
configure:4897: $? = 0
configure:4938: result: yes
configure:4955: checking for gcc option to accept ISO C89
configure:5019: gcc  -c  -DPTRACING=2 -D_REENTRANT -fno-exceptions -I/usr/local/include    conftest.c >&5
configure:5019: $? = 0
configure:5032: result: none needed
configure:5066: checking for a BSD-compatible install
configure:5134: result: /usr/bin/install -c
configure:5148: checking for arm-apple-darwin11-ranlib
configure:5178: result: no
configure:5188: checking for ranlib
configure:5204: found /usr/bin/ranlib
configure:5215: result: ranlib
configure:5240: checking for arm-apple-darwin11-nm
configure:5270: result: no
configure:5280: checking for nm
configure:5296: found /usr/bin/nm
configure:5307: result: nm
configure:5332: checking for arm-apple-darwin11-ldd
configure:5362: result: no
configure:5372: checking for ldd
configure:5402: result: no
configure:5424: checking for arm-apple-darwin11-objdump
configure:5454: result: no
configure:5464: checking for objdump
configure:5494: result: no
configure:5519: checking how to run the C++ preprocessor
configure:5546: g++ -E  conftest.cpp
configure:5546: $? = 0
configure:5560: g++ -E  conftest.cpp
conftest.cpp:9:28: error: ac_nonexistent.h: No such file or directory
configure:5560: $? = 1
configure: failed program was:
| /* confdefs.h */
| #define PACKAGE_NAME ""
| #define PACKAGE_TARNAME ""
| #define PACKAGE_VERSION ""
| #define PACKAGE_STRING ""
| #define PACKAGE_BUGREPORT ""
| #define PACKAGE_URL ""
| /* end confdefs.h.  */
| #include <ac_nonexistent.h>
configure:5585: result: g++ -E
configure:5605: g++ -E  conftest.cpp
configure:5605: $? = 0
configure:5619: g++ -E  conftest.cpp
conftest.cpp:9:28: error: ac_nonexistent.h: No such file or directory
configure:5619: $? = 1
configure: failed program was:
| /* confdefs.h */
| #define PACKAGE_NAME ""
| #define PACKAGE_TARNAME ""
| #define PACKAGE_VERSION ""
| #define PACKAGE_STRING ""
| #define PACKAGE_BUGREPORT ""
| #define PACKAGE_URL ""
| /* end confdefs.h.  */
| #include <ac_nonexistent.h>
configure:5648: checking for grep that handles long lines and -e
configure:5706: result: /usr/bin/grep
configure:5711: checking for egrep
configure:5773: result: /usr/bin/grep -E
configure:5778: checking for ANSI C header files
configure:5798: g++ -c -g -O2 -felide-constructors -Wreorder -D__STDC_CONSTANT_MACROS  conftest.cpp >&5
configure:5798: $? = 0
configure:5871: g++ -o conftest -g -O2 -felide-constructors -Wreorder -D__STDC_CONSTANT_MACROS   conftest.cpp  >&5
configure:5871: $? = 0
configure:5871: ./conftest
configure:5871: $? = 0
configure:5882: result: yes
configure:5895: checking for sys/types.h
configure:5895: g++ -c -g -O2 -felide-constructors -Wreorder -D__STDC_CONSTANT_MACROS  conftest.cpp >&5
configure:5895: $? = 0
configure:5895: result: yes
configure:5895: checking for sys/stat.h
configure:5895: g++ -c -g -O2 -felide-constructors -Wreorder -D__STDC_CONSTANT_MACROS  conftest.cpp >&5
configure:5895: $? = 0
configure:5895: result: yes
configure:5895: checking for stdlib.h
configure:5895: g++ -c -g -O2 -felide-constructors -Wreorder -D__STDC_CONSTANT_MACROS  conftest.cpp >&5
configure:5895: $? = 0
configure:5895: result: yes
configure:5895: checking for string.h
configure:5895: g++ -c -g -O2 -felide-constructors -Wreorder -D__STDC_CONSTANT_MACROS  conftest.cpp >&5
configure:5895: $? = 0
configure:5895: result: yes
configure:5895: checking for memory.h
configure:5895: g++ -c -g -O2 -felide-constructors -Wreorder -D__STDC_CONSTANT_MACROS  conftest.cpp >&5
configure:5895: $? = 0
configure:5895: result: yes
configure:5895: checking for strings.h
configure:5895: g++ -c -g -O2 -felide-constructors -Wreorder -D__STDC_CONSTANT_MACROS  conftest.cpp >&5
configure:5895: $? = 0
configure:5895: result: yes
configure:5895: checking for inttypes.h
configure:5895: g++ -c -g -O2 -felide-constructors -Wreorder -D__STDC_CONSTANT_MACROS  conftest.cpp >&5
configure:5895: $? = 0
configure:5895: result: yes
configure:5895: checking for stdint.h
configure:5895: g++ -c -g -O2 -felide-constructors -Wreorder -D__STDC_CONSTANT_MACROS  conftest.cpp >&5
configure:5895: $? = 0
configure:5895: result: yes
configure:5895: checking for unistd.h
configure:5895: g++ -c -g -O2 -felide-constructors -Wreorder -D__STDC_CONSTANT_MACROS  conftest.cpp >&5
configure:5895: $? = 0
configure:5895: result: yes
configure:5910: checking stddef.h usability
configure:5910: g++ -c -g -O2 -felide-constructors -Wreorder -D__STDC_CONSTANT_MACROS  conftest.cpp >&5
configure:5910: $? = 0
configure:5910: result: yes
configure:5910: checking stddef.h presence
configure:5910: g++ -E  conftest.cpp
configure:5910: $? = 0
configure:5910: result: yes
configure:5910: checking for stddef.h
configure:5910: result: yes
configure:5910: checking limits.h usability
configure:5910: g++ -c -g -O2 -felide-constructors -Wreorder -D__STDC_CONSTANT_MACROS  conftest.cpp >&5
configure:5910: $? = 0
configure:5910: result: yes
configure:5910: checking limits.h presence
configure:5910: g++ -E  conftest.cpp
configure:5910: $? = 0
configure:5910: result: yes
configure:5910: checking for limits.h
configure:5910: result: yes
configure:5910: checking float.h usability
configure:5910: g++ -c -g -O2 -felide-constructors -Wreorder -D__STDC_CONSTANT_MACROS  conftest.cpp >&5
configure:5910: $? = 0
configure:5910: result: yes
configure:5910: checking float.h presence
configure:5910: g++ -E  conftest.cpp
configure:5910: $? = 0
configure:5910: result: yes
configure:5910: checking for float.h
configure:5910: result: yes
configure:5910: checking fcntl.h usability
configure:5910: g++ -c -g -O2 -felide-constructors -Wreorder -D__STDC_CONSTANT_MACROS  conftest.cpp >&5
configure:5910: $? = 0
configure:5910: result: yes
configure:5910: checking fcntl.h presence
configure:5910: g++ -E  conftest.cpp
configure:5910: $? = 0
configure:5910: result: yes
configure:5910: checking for fcntl.h
configure:5910: result: yes
configure:5930: checking OPAL Version
configure:5932: result: 3.11.0
configure:5959: checking Plugin install directory
configure:5961: result: /usr/local/lib/opal-3.11.0
configure:6240: checking sys/time.h usability
configure:6240: g++ -c -g -O2 -felide-constructors -Wreorder -D__STDC_CONSTANT_MACROS  conftest.cpp >&5
configure:6240: $? = 0
configure:6240: result: yes
configure:6240: checking sys/time.h presence
configure:6240: g++ -E  conftest.cpp
configure:6240: $? = 0
configure:6240: result: yes
configure:6240: checking for sys/time.h
configure:6240: result: yes
configure:6240: checking sys/file.h usability
configure:6240: g++ -c -g -O2 -felide-constructors -Wreorder -D__STDC_CONSTANT_MACROS  conftest.cpp >&5
configure:6240: $? = 0
configure:6240: result: yes
configure:6240: checking sys/file.h presence
configure:6240: g++ -E  conftest.cpp
configure:6240: $? = 0
configure:6240: result: yes
configure:6240: checking for sys/file.h
configure:6240: result: yes
configure:6240: checking netinet/in.h usability
configure:6240: g++ -c -g -O2 -felide-constructors -Wreorder -D__STDC_CONSTANT_MACROS  conftest.cpp >&5
configure:6240: $? = 0
configure:6240: result: yes
configure:6240: checking netinet/in.h presence
configure:6240: g++ -E  conftest.cpp
configure:6240: $? = 0
configure:6240: result: yes
configure:6240: checking for netinet/in.h
configure:6240: result: yes
configure:6252: checking vfork.h usability
configure:6252: g++ -c -g -O2 -felide-constructors -Wreorder -D__STDC_CONSTANT_MACROS  conftest.cpp >&5
conftest.cpp:59:19: error: vfork.h: No such file or directory
configure:6252: $? = 1
configure: failed program was:
| /* confdefs.h */
| #define PACKAGE_NAME ""
| #define PACKAGE_TARNAME ""
| #define PACKAGE_VERSION ""
| #define PACKAGE_STRING ""
| #define PACKAGE_BUGREPORT ""
| #define PACKAGE_URL ""
| #define STDC_HEADERS 1
| #define HAVE_SYS_TYPES_H 1
| #define HAVE_SYS_STAT_H 1
| #define HAVE_STDLIB_H 1
| #define HAVE_STRING_H 1
| #define HAVE_MEMORY_H 1
| #define HAVE_STRINGS_H 1
| #define HAVE_INTTYPES_H 1
| #define HAVE_STDINT_H 1
| #define HAVE_UNISTD_H 1
| #define HAVE_STDDEF_H 1
| #define HAVE_LIMITS_H 1
| #define HAVE_FLOAT_H 1
| #define HAVE_FCNTL_H 1
| #define HAVE_SYS_TIME_H 1
| #define HAVE_SYS_FILE_H 1
| #define HAVE_NETINET_IN_H 1
| /* end confdefs.h.  */
| #include <stdio.h>
| #ifdef HAVE_SYS_TYPES_H
| # include <sys/types.h>
| #endif
| #ifdef HAVE_SYS_STAT_H
| # include <sys/stat.h>
| #endif
| #ifdef STDC_HEADERS
| # include <stdlib.h>
| # include <stddef.h>
| #else
| # ifdef HAVE_STDLIB_H
| #  include <stdlib.h>
| # endif
| #endif
| #ifdef HAVE_STRING_H
| # if !defined STDC_HEADERS && defined HAVE_MEMORY_H
| #  include <memory.h>
| # endif
| # include <string.h>
| #endif
| #ifdef HAVE_STRINGS_H
| # include <strings.h>
| #endif
| #ifdef HAVE_INTTYPES_H
| # include <inttypes.h>
| #endif
| #ifdef HAVE_STDINT_H
| # include <stdint.h>
| #endif
| #ifdef HAVE_UNISTD_H
| # include <unistd.h>
| #endif
| #include <vfork.h>
configure:6252: result: no
configure:6252: checking vfork.h presence
configure:6252: g++ -E  conftest.cpp
conftest.cpp:26:19: error: vfork.h: No such file or directory
configure:6252: $? = 1
configure: failed program was:
| /* confdefs.h */
| #define PACKAGE_NAME ""
| #define PACKAGE_TARNAME ""
| #define PACKAGE_VERSION ""
| #define PACKAGE_STRING ""
| #define PACKAGE_BUGREPORT ""
| #define PACKAGE_URL ""
| #define STDC_HEADERS 1
| #define HAVE_SYS_TYPES_H 1
| #define HAVE_SYS_STAT_H 1
| #define HAVE_STDLIB_H 1
| #define HAVE_STRING_H 1
| #define HAVE_MEMORY_H 1
| #define HAVE_STRINGS_H 1
| #define HAVE_INTTYPES_H 1
| #define HAVE_STDINT_H 1
| #define HAVE_UNISTD_H 1
| #define HAVE_STDDEF_H 1
| #define HAVE_LIMITS_H 1
| #define HAVE_FLOAT_H 1
| #define HAVE_FCNTL_H 1
| #define HAVE_SYS_TIME_H 1
| #define HAVE_SYS_FILE_H 1
| #define HAVE_NETINET_IN_H 1
| /* end confdefs.h.  */
| #include <vfork.h>
configure:6252: result: no
configure:6252: checking for vfork.h
configure:6252: result: no
configure:6265: checking for fork
configure:6265: g++ -o conftest -g -O2 -felide-constructors -Wreorder -D__STDC_CONSTANT_MACROS   conftest.cpp  >&5
configure:6265: $? = 0
configure:6265: result: yes
configure:6265: checking for vfork
configure:6265: g++ -o conftest -g -O2 -felide-constructors -Wreorder -D__STDC_CONSTANT_MACROS   conftest.cpp  >&5
configure:6265: $? = 0
configure:6265: result: yes
configure:6275: checking for working fork
configure:6297: g++ -o conftest -g -O2 -felide-constructors -Wreorder -D__STDC_CONSTANT_MACROS   conftest.cpp  >&5
configure:6297: $? = 0
configure:6297: ./conftest
configure:6297: $? = 0
configure:6307: result: yes
configure:6328: checking for working vfork
configure:6438: result: yes
configure:6727: checking dlfcn.h usability
configure:6727: g++ -c -g -O2 -felide-constructors -Wreorder -D__STDC_CONSTANT_MACROS  conftest.cpp >&5
configure:6727: $? = 0
configure:6727: result: yes
configure:6727: checking dlfcn.h presence
configure:6727: g++ -E  conftest.cpp
configure:6727: $? = 0
configure:6727: result: yes
configure:6727: checking for dlfcn.h
configure:6727: result: yes
configure:6740: checking if dlopen is available
configure:6759: gcc -c  -DPTRACING=2 -D_REENTRANT -fno-exceptions -I/usr/local/include   -fno-common -dynamic -fPIC -D__MACOSX__  conftest.c >&5
configure:6759: $? = 0
configure:6769: result: yes
configure:6773: checking for dlopen in -lc
configure:6798: gcc -o conftest  -DPTRACING=2 -D_REENTRANT -fno-exceptions -I/usr/local/include   -fno-common -dynamic -fPIC -D__MACOSX__   conftest.c -lc   >&5
configure:6798: $? = 0
configure:6807: result: yes
configure:7033: checking for gsm_create in -lgsm
configure:7058: gcc -o conftest  -DPTRACING=2 -D_REENTRANT -fno-exceptions -I/usr/local/include   -fno-common -dynamic -fPIC -D__MACOSX__   conftest.c -lgsm   >&5
ld: library not found for -lgsm
collect2: ld returned 1 exit status
configure:7058: $? = 1
configure: failed program was:
| /* confdefs.h */
| #define PACKAGE_NAME ""
| #define PACKAGE_TARNAME ""
| #define PACKAGE_VERSION ""
| #define PACKAGE_STRING ""
| #define PACKAGE_BUGREPORT ""
| #define PACKAGE_URL ""
| #define STDC_HEADERS 1
| #define HAVE_SYS_TYPES_H 1
| #define HAVE_SYS_STAT_H 1
| #define HAVE_STDLIB_H 1
| #define HAVE_STRING_H 1
| #define HAVE_MEMORY_H 1
| #define HAVE_STRINGS_H 1
| #define HAVE_INTTYPES_H 1
| #define HAVE_STDINT_H 1
| #define HAVE_UNISTD_H 1
| #define HAVE_STDDEF_H 1
| #define HAVE_LIMITS_H 1
| #define HAVE_FLOAT_H 1
| #define HAVE_FCNTL_H 1
| #define HAVE_SYS_TIME_H 1
| #define HAVE_SYS_FILE_H 1
| #define HAVE_NETINET_IN_H 1
| #define HAVE_FORK 1
| #define HAVE_VFORK 1
| #define HAVE_WORKING_VFORK 1
| #define HAVE_WORKING_FORK 1
| #define HAVE_DLFCN_H 1
| /* end confdefs.h.  */
| 
| /* Override any GCC internal prototype to avoid an error.
|    Use char because int might match the return type of a GCC
|    builtin and then its argument prototype would still apply.  */
| #ifdef __cplusplus
| extern "C"
| #endif
| char gsm_create ();
| int
| main ()
| {
| return gsm_create ();
|   ;
|   return 0;
| }
configure:7067: result: no
configure:7188: checking how to run the C preprocessor
configure:7219: gcc -E  conftest.c
configure:7219: $? = 0
configure:7233: gcc -E  conftest.c
conftest.c:31:28: error: ac_nonexistent.h: No such file or directory
configure:7233: $? = 1
configure: failed program was:
| /* confdefs.h */
| #define PACKAGE_NAME ""
| #define PACKAGE_TARNAME ""
| #define PACKAGE_VERSION ""
| #define PACKAGE_STRING ""
| #define PACKAGE_BUGREPORT ""
| #define PACKAGE_URL ""
| #define STDC_HEADERS 1
| #define HAVE_SYS_TYPES_H 1
| #define HAVE_SYS_STAT_H 1
| #define HAVE_STDLIB_H 1
| #define HAVE_STRING_H 1
| #define HAVE_MEMORY_H 1
| #define HAVE_STRINGS_H 1
| #define HAVE_INTTYPES_H 1
| #define HAVE_STDINT_H 1
| #define HAVE_UNISTD_H 1
| #define HAVE_STDDEF_H 1
| #define HAVE_LIMITS_H 1
| #define HAVE_FLOAT_H 1
| #define HAVE_FCNTL_H 1
| #define HAVE_SYS_TIME_H 1
| #define HAVE_SYS_FILE_H 1
| #define HAVE_NETINET_IN_H 1
| #define HAVE_FORK 1
| #define HAVE_VFORK 1
| #define HAVE_WORKING_VFORK 1
| #define HAVE_WORKING_FORK 1
| #define HAVE_DLFCN_H 1
| /* end confdefs.h.  */
| #include <ac_nonexistent.h>
configure:7258: result: gcc -E
configure:7278: gcc -E  conftest.c
configure:7278: $? = 0
configure:7292: gcc -E  conftest.c
conftest.c:31:28: error: ac_nonexistent.h: No such file or directory
configure:7292: $? = 1
configure: failed program was:
| /* confdefs.h */
| #define PACKAGE_NAME ""
| #define PACKAGE_TARNAME ""
| #define PACKAGE_VERSION ""
| #define PACKAGE_STRING ""
| #define PACKAGE_BUGREPORT ""
| #define PACKAGE_URL ""
| #define STDC_HEADERS 1
| #define HAVE_SYS_TYPES_H 1
| #define HAVE_SYS_STAT_H 1
| #define HAVE_STDLIB_H 1
| #define HAVE_STRING_H 1
| #define HAVE_MEMORY_H 1
| #define HAVE_STRINGS_H 1
| #define HAVE_INTTYPES_H 1
| #define HAVE_STDINT_H 1
| #define HAVE_UNISTD_H 1
| #define HAVE_STDDEF_H 1
| #define HAVE_LIMITS_H 1
| #define HAVE_FLOAT_H 1
| #define HAVE_FCNTL_H 1
| #define HAVE_SYS_TIME_H 1
| #define HAVE_SYS_FILE_H 1
| #define HAVE_NETINET_IN_H 1
| #define HAVE_FORK 1
| #define HAVE_VFORK 1
| #define HAVE_WORKING_VFORK 1
| #define HAVE_WORKING_FORK 1
| #define HAVE_DLFCN_H 1
| /* end confdefs.h.  */
| #include <ac_nonexistent.h>
configure:7334: checking if iLBC is installed
configure:7339: checking for iLBC_encode in -lilbc
configure:7364: gcc -o conftest  -DPTRACING=2 -D_REENTRANT -fno-exceptions -I/usr/local/include   -fno-common -dynamic -fPIC -D__MACOSX__   conftest.c -lilbc   -lilbc >&5
ld: library not found for -lilbc
collect2: ld returned 1 exit status
configure:7364: $? = 1
configure: failed program was:
| /* confdefs.h */
| #define PACKAGE_NAME ""
| #define PACKAGE_TARNAME ""
| #define PACKAGE_VERSION ""
| #define PACKAGE_STRING ""
| #define PACKAGE_BUGREPORT ""
| #define PACKAGE_URL ""
| #define STDC_HEADERS 1
| #define HAVE_SYS_TYPES_H 1
| #define HAVE_SYS_STAT_H 1
| #define HAVE_STDLIB_H 1
| #define HAVE_STRING_H 1
| #define HAVE_MEMORY_H 1
| #define HAVE_STRINGS_H 1
| #define HAVE_INTTYPES_H 1
| #define HAVE_STDINT_H 1
| #define HAVE_UNISTD_H 1
| #define HAVE_STDDEF_H 1
| #define HAVE_LIMITS_H 1
| #define HAVE_FLOAT_H 1
| #define HAVE_FCNTL_H 1
| #define HAVE_SYS_TIME_H 1
| #define HAVE_SYS_FILE_H 1
| #define HAVE_NETINET_IN_H 1
| #define HAVE_FORK 1
| #define HAVE_VFORK 1
| #define HAVE_WORKING_VFORK 1
| #define HAVE_WORKING_FORK 1
| #define HAVE_DLFCN_H 1
| /* end confdefs.h.  */
| 
| /* Override any GCC internal prototype to avoid an error.
|    Use char because int might match the return type of a GCC
|    builtin and then its argument prototype would still apply.  */
| #ifdef __cplusplus
| extern "C"
| #endif
| char iLBC_encode ();
| int
| main ()
| {
| return iLBC_encode ();
|   ;
|   return 0;
| }
configure:7373: result: no
configure:7409: checking System iLBC
configure:7411: result: no
configure:7575: creating ./config.status

## ---------------------- ##
## Running config.status. ##
## ---------------------- ##

This file was extended by config.status, which was
generated by GNU Autoconf 2.66.  Invocation command line was

  CONFIG_FILES    = 
  CONFIG_HEADERS  = 
  CONFIG_LINKS    = 
  CONFIG_COMMANDS = 
  $ ./config.status 

on keid-no-iMac.local

config.status:805: creating audio/GSM0610/Makefile
config.status:805: creating audio/gsm-amr/Makefile
config.status:805: creating audio/iLBC/Makefile
config.status:805: creating audio/Speex/libspeex/speex_config_types.h
configure:8605: checking size of short
configure:8610: gcc -o conftest    conftest.c  >&5
configure:8610: $? = 0
configure:8610: ./conftest
configure:8610: $? = 0
configure:8624: result: 2
configure:8638: checking size of int
configure:8643: gcc -o conftest    conftest.c  >&5
configure:8643: $? = 0
configure:8643: ./conftest
configure:8643: $? = 0
configure:8657: result: 4
configure:8671: checking size of long
configure:8676: gcc -o conftest    conftest.c  >&5
configure:8676: $? = 0
configure:8676: ./conftest
configure:8676: $? = 0
configure:8690: result: 8
configure:8704: checking size of long long
configure:8709: gcc -o conftest    conftest.c  >&5
configure:8709: $? = 0
configure:8709: ./conftest
configure:8709: $? = 0
configure:8723: result: 8
configure:8758: checking internal Speex version
configure:8769: result: 1.1.11.1
configure:8856: checking whether system Speex or internal Speex is more recent
configure:8860: checking for SPEEX
configure:8867: $PKG_CONFIG --exists --print-errors "speex >= $SPEEX_INTERNAL_VERSION"
Package speex was not found in the pkg-config search path.
Perhaps you should add the directory containing `speex.pc'
to the PKG_CONFIG_PATH environment variable
No package 'speex' found
configure:8870: $? = 1
configure:8883: $PKG_CONFIG --exists --print-errors "speex >= $SPEEX_INTERNAL_VERSION"
Package speex was not found in the pkg-config search path.
Perhaps you should add the directory containing `speex.pc'
to the PKG_CONFIG_PATH environment variable
No package 'speex' found
configure:8886: $? = 1
configure:8899: result: no
No package 'speex' found
configure:8917: result: internal Speex version is more recent than system Speex or system Speex not found
configure:9130: checking for CELT
configure:9137: $PKG_CONFIG --exists --print-errors "celt"
Package celt was not found in the pkg-config search path.
Perhaps you should add the directory containing `celt.pc'
to the PKG_CONFIG_PATH environment variable
No package 'celt' found
configure:9140: $? = 1
configure:9153: $PKG_CONFIG --exists --print-errors "celt"
Package celt was not found in the pkg-config search path.
Perhaps you should add the directory containing `celt.pc'
to the PKG_CONFIG_PATH environment variable
No package 'celt' found
configure:9156: $? = 1
configure:9169: result: no
No package 'celt' found
configure:9280: checking default to full capabilities at empty fmtp lines
configure:9282: result: yes
configure:9305: checking for LIBAVCODEC
configure:9312: $PKG_CONFIG --exists --print-errors "libavcodec >= 51.11.0"
configure:9315: $? = 0
configure:9328: $PKG_CONFIG --exists --print-errors "libavcodec >= 51.11.0"
configure:9331: $? = 0
configure:9374: result: yes
configure:9383: checking filename of libavcodec library
configure:9402: result: 
configure:9425: libavcodec stack align hack disabled
configure:9437: checking libavcodec/avcodec.h usability
configure:9437: gcc -c  -DPTRACING=2 -D_REENTRANT -fno-exceptions -I/usr/local/include   -fno-common -dynamic -fPIC -D__MACOSX__  -I/usr/local/include   conftest.c >&5
configure:9437: $? = 0
configure:9437: result: yes
configure:9437: checking libavcodec/avcodec.h presence
configure:9437: gcc -E  -I/usr/local/include   conftest.c
configure:9437: $? = 0
configure:9437: result: yes
configure:9437: checking for libavcodec/avcodec.h
configure:9437: result: yes
configure:9473: checking libavcodec source
configure:9492: result: disabled
configure:9499: checking for LIBAVUTIL
configure:9506: $PKG_CONFIG --exists --print-errors "libavutil"
configure:9509: $? = 0
configure:9522: $PKG_CONFIG --exists --print-errors "libavutil"
configure:9525: $? = 0
configure:9584: result: yes
configure:9590: checking filename of libavutil library
configure:9609: result: 
configure:9623: checking if libavcodec has rtp_mode
configure:9639: gcc -c  -DPTRACING=2 -D_REENTRANT -fno-exceptions -I/usr/local/include   -fno-common -dynamic -fPIC -D__MACOSX__  conftest.c >&5
conftest.c: In function 'main':
conftest.c:45: error: 'AVCodecContext' has no member named 'rtp_mode'
configure:9639: $? = 1
configure: failed program was:
| /* confdefs.h */
| #define PACKAGE_NAME ""
| #define PACKAGE_TARNAME ""
| #define PACKAGE_VERSION ""
| #define PACKAGE_STRING ""
| #define PACKAGE_BUGREPORT ""
| #define PACKAGE_URL ""
| #define STDC_HEADERS 1
| #define HAVE_SYS_TYPES_H 1
| #define HAVE_SYS_STAT_H 1
| #define HAVE_STDLIB_H 1
| #define HAVE_STRING_H 1
| #define HAVE_MEMORY_H 1
| #define HAVE_STRINGS_H 1
| #define HAVE_INTTYPES_H 1
| #define HAVE_STDINT_H 1
| #define HAVE_UNISTD_H 1
| #define HAVE_STDDEF_H 1
| #define HAVE_LIMITS_H 1
| #define HAVE_FLOAT_H 1
| #define HAVE_FCNTL_H 1
| #define HAVE_SYS_TIME_H 1
| #define HAVE_SYS_FILE_H 1
| #define HAVE_NETINET_IN_H 1
| #define HAVE_FORK 1
| #define HAVE_VFORK 1
| #define HAVE_WORKING_VFORK 1
| #define HAVE_WORKING_FORK 1
| #define HAVE_DLFCN_H 1
| #define SIZEOF_SHORT 2
| #define SIZEOF_INT 4
| #define SIZEOF_LONG 8
| #define SIZEOF_LONG_LONG 8
| #define DEFAULT_TO_FULL_CAPABILITIES 1
| #define HAVE_LIBAVCODEC 1
| #define LIBAVCODEC_LIB_NAME ""
| #define LIBAVCODEC_HEADER "libavcodec/avcodec.h"
| #define LIBAVUTIL_LIB_NAME ""
| /* end confdefs.h.  */
| 
|       #include LIBAVCODEC_HEADER
| int
| main ()
| {
| AVCodecContext c; c.rtp_mode = 1;
| 
|   ;
|   return 0;
| }
| 
configure:9647: result: no
configure:9654: checking if libavutil has AV_PICTURE_TYPE_NONE
configure:9670: gcc -c  -DPTRACING=2 -D_REENTRANT -fno-exceptions -I/usr/local/include   -fno-common -dynamic -fPIC -D__MACOSX__  conftest.c >&5
conftest.c: In function 'main':
conftest.c:45: error: variable 't' has initializer but incomplete type
conftest.c:45: error: 'AV_PICTURE_TYPE_NONE' undeclared (first use in this function)
conftest.c:45: error: (Each undeclared identifier is reported only once
conftest.c:45: error: for each function it appears in.)
conftest.c:45: error: storage size of 't' isn't known
configure:9670: $? = 1
configure: failed program was:
| /* confdefs.h */
| #define PACKAGE_NAME ""
| #define PACKAGE_TARNAME ""
| #define PACKAGE_VERSION ""
| #define PACKAGE_STRING ""
| #define PACKAGE_BUGREPORT ""
| #define PACKAGE_URL ""
| #define STDC_HEADERS 1
| #define HAVE_SYS_TYPES_H 1
| #define HAVE_SYS_STAT_H 1
| #define HAVE_STDLIB_H 1
| #define HAVE_STRING_H 1
| #define HAVE_MEMORY_H 1
| #define HAVE_STRINGS_H 1
| #define HAVE_INTTYPES_H 1
| #define HAVE_STDINT_H 1
| #define HAVE_UNISTD_H 1
| #define HAVE_STDDEF_H 1
| #define HAVE_LIMITS_H 1
| #define HAVE_FLOAT_H 1
| #define HAVE_FCNTL_H 1
| #define HAVE_SYS_TIME_H 1
| #define HAVE_SYS_FILE_H 1
| #define HAVE_NETINET_IN_H 1
| #define HAVE_FORK 1
| #define HAVE_VFORK 1
| #define HAVE_WORKING_VFORK 1
| #define HAVE_WORKING_FORK 1
| #define HAVE_DLFCN_H 1
| #define SIZEOF_SHORT 2
| #define SIZEOF_INT 4
| #define SIZEOF_LONG 8
| #define SIZEOF_LONG_LONG 8
| #define DEFAULT_TO_FULL_CAPABILITIES 1
| #define HAVE_LIBAVCODEC 1
| #define LIBAVCODEC_LIB_NAME ""
| #define LIBAVCODEC_HEADER "libavcodec/avcodec.h"
| #define LIBAVUTIL_LIB_NAME ""
| /* end confdefs.h.  */
| 
|       #include LIBAVCODEC_HEADER
| int
| main ()
| {
| enum AVPictureType t = AV_PICTURE_TYPE_NONE;
| 
|   ;
|   return 0;
| }
| 
configure:9677: result: no
configure:9679: checking if libavutil has AVPictureType
configure:9695: gcc -c  -DPTRACING=2 -D_REENTRANT -fno-exceptions -I/usr/local/include   -fno-common -dynamic -fPIC -D__MACOSX__  conftest.c >&5
conftest.c: In function 'main':
conftest.c:45: error: storage size of 't' isn't known
configure:9695: $? = 1
configure: failed program was:
| /* confdefs.h */
| #define PACKAGE_NAME ""
| #define PACKAGE_TARNAME ""
| #define PACKAGE_VERSION ""
| #define PACKAGE_STRING ""
| #define PACKAGE_BUGREPORT ""
| #define PACKAGE_URL ""
| #define STDC_HEADERS 1
| #define HAVE_SYS_TYPES_H 1
| #define HAVE_SYS_STAT_H 1
| #define HAVE_STDLIB_H 1
| #define HAVE_STRING_H 1
| #define HAVE_MEMORY_H 1
| #define HAVE_STRINGS_H 1
| #define HAVE_INTTYPES_H 1
| #define HAVE_STDINT_H 1
| #define HAVE_UNISTD_H 1
| #define HAVE_STDDEF_H 1
| #define HAVE_LIMITS_H 1
| #define HAVE_FLOAT_H 1
| #define HAVE_FCNTL_H 1
| #define HAVE_SYS_TIME_H 1
| #define HAVE_SYS_FILE_H 1
| #define HAVE_NETINET_IN_H 1
| #define HAVE_FORK 1
| #define HAVE_VFORK 1
| #define HAVE_WORKING_VFORK 1
| #define HAVE_WORKING_FORK 1
| #define HAVE_DLFCN_H 1
| #define SIZEOF_SHORT 2
| #define SIZEOF_INT 4
| #define SIZEOF_LONG 8
| #define SIZEOF_LONG_LONG 8
| #define DEFAULT_TO_FULL_CAPABILITIES 1
| #define HAVE_LIBAVCODEC 1
| #define LIBAVCODEC_LIB_NAME ""
| #define LIBAVCODEC_HEADER "libavcodec/avcodec.h"
| #define LIBAVUTIL_LIB_NAME ""
| /* end confdefs.h.  */
| 
|           #include LIBAVCODEC_HEADER
| int
| main ()
| {
| enum AVPictureType t;
| 
|   ;
|   return 0;
| }
| 
configure:9704: result: no
configure:9749: checking for X264
configure:9756: $PKG_CONFIG --exists --print-errors "x264 >= 0.102"
Package x264 was not found in the pkg-config search path.
Perhaps you should add the directory containing `x264.pc'
to the PKG_CONFIG_PATH environment variable
No package 'x264' found
configure:9759: $? = 1
configure:9772: $PKG_CONFIG --exists --print-errors "x264 >= 0.102"
Package x264 was not found in the pkg-config search path.
Perhaps you should add the directory containing `x264.pc'
to the PKG_CONFIG_PATH environment variable
No package 'x264' found
configure:9775: $? = 1
configure:9788: result: no
No package 'x264' found
configure:9901: checking for THEORA
configure:9908: $PKG_CONFIG --exists --print-errors "theora"
Package theora was not found in the pkg-config search path.
Perhaps you should add the directory containing `theora.pc'
to the PKG_CONFIG_PATH environment variable
No package 'theora' found
configure:9911: $? = 1
configure:9924: $PKG_CONFIG --exists --print-errors "theora"
Package theora was not found in the pkg-config search path.
Perhaps you should add the directory containing `theora.pc'
to the PKG_CONFIG_PATH environment variable
No package 'theora' found
configure:9927: $? = 1
configure:9940: result: no
No package 'theora' found
configure:10050: checking IXJ
configure:10052: result: no
configure:10093: checking enable voicetronix vpb
configure:10095: result: no
configure:10126: checking for fax_free in -lspandsp
configure:10151: gcc -o conftest  -DPTRACING=2 -D_REENTRANT -fno-exceptions -I/usr/local/include   -fno-common -dynamic -fPIC -D__MACOSX__   conftest.c -lspandsp   -lspandsp >&5
ld: library not found for -lspandsp
collect2: ld returned 1 exit status
configure:10151: $? = 1
configure: failed program was:
| /* confdefs.h */
| #define PACKAGE_NAME ""
| #define PACKAGE_TARNAME ""
| #define PACKAGE_VERSION ""
| #define PACKAGE_STRING ""
| #define PACKAGE_BUGREPORT ""
| #define PACKAGE_URL ""
| #define STDC_HEADERS 1
| #define HAVE_SYS_TYPES_H 1
| #define HAVE_SYS_STAT_H 1
| #define HAVE_STDLIB_H 1
| #define HAVE_STRING_H 1
| #define HAVE_MEMORY_H 1
| #define HAVE_STRINGS_H 1
| #define HAVE_INTTYPES_H 1
| #define HAVE_STDINT_H 1
| #define HAVE_UNISTD_H 1
| #define HAVE_STDDEF_H 1
| #define HAVE_LIMITS_H 1
| #define HAVE_FLOAT_H 1
| #define HAVE_FCNTL_H 1
| #define HAVE_SYS_TIME_H 1
| #define HAVE_SYS_FILE_H 1
| #define HAVE_NETINET_IN_H 1
| #define HAVE_FORK 1
| #define HAVE_VFORK 1
| #define HAVE_WORKING_VFORK 1
| #define HAVE_WORKING_FORK 1
| #define HAVE_DLFCN_H 1
| #define SIZEOF_SHORT 2
| #define SIZEOF_INT 4
| #define SIZEOF_LONG 8
| #define SIZEOF_LONG_LONG 8
| #define DEFAULT_TO_FULL_CAPABILITIES 1
| #define HAVE_LIBAVCODEC 1
| #define LIBAVCODEC_LIB_NAME ""
| #define LIBAVCODEC_HEADER "libavcodec/avcodec.h"
| #define LIBAVUTIL_LIB_NAME ""
| #define AV_PICTURE_TYPE_NONE 0
| /* end confdefs.h.  */
| 
| /* Override any GCC internal prototype to avoid an error.
|    Use char because int might match the return type of a GCC
|    builtin and then its argument prototype would still apply.  */
| #ifdef __cplusplus
| extern "C"
| #endif
| char fax_free ();
| int
| main ()
| {
| return fax_free ();
|   ;
|   return 0;
| }
configure:10160: result: no
configure:10304: checking for posix_memalign
configure:10322: g++ -c -g -O2 -felide-constructors -Wreorder -D__STDC_CONSTANT_MACROS  conftest.cpp >&5
configure:10322: $? = 0
configure:10323: result: yes
configure:10454: creating ./config.status

## ---------------------- ##
## Running config.status. ##
## ---------------------- ##

This file was extended by config.status, which was
generated by GNU Autoconf 2.66.  Invocation command line was

  CONFIG_FILES    = 
  CONFIG_HEADERS  = 
  CONFIG_LINKS    = 
  CONFIG_COMMANDS = 
  $ ./config.status 

on keid-no-iMac.local

config.status:923: creating audio/GSM0610/Makefile
config.status:923: creating audio/gsm-amr/Makefile
config.status:923: creating audio/iLBC/Makefile
config.status:923: creating audio/Speex/libspeex/speex_config_types.h
config.status:923: creating audio/Speex/Makefile
config.status:923: creating audio/G722/Makefile
config.status:923: creating audio/G.722.1/Makefile
config.status:923: creating audio/G.722.2/Makefile
config.status:923: creating audio/G726/Makefile
config.status:923: creating audio/LPC_10/Makefile
config.status:923: creating audio/IMA_ADPCM/Makefile
config.status:923: creating audio/SILK/Makefile
config.status:923: creating video/H.261-vic/Makefile
config.status:909: error: cannot find input file: `video/H.263-1998/Makefile.in'

## ---------------- ##
## Cache variables. ##
## ---------------- ##

ac_cv_build=i686-apple-darwin11.2.0
ac_cv_c_compiler_gnu=yes
ac_cv_cxx_compiler_gnu=yes
ac_cv_env_CCC_set=
ac_cv_env_CCC_value=
ac_cv_env_CC_set=
ac_cv_env_CC_value=
ac_cv_env_CELT_CFLAGS_set=
ac_cv_env_CELT_CFLAGS_value=
ac_cv_env_CELT_LIBS_set=
ac_cv_env_CELT_LIBS_value=
ac_cv_env_CFLAGS_set=
ac_cv_env_CFLAGS_value=
ac_cv_env_CPPFLAGS_set=
ac_cv_env_CPPFLAGS_value=
ac_cv_env_CPP_set=
ac_cv_env_CPP_value=
ac_cv_env_CXXCPP_set=
ac_cv_env_CXXCPP_value=
ac_cv_env_CXXFLAGS_set=
ac_cv_env_CXXFLAGS_value=
ac_cv_env_CXX_set=
ac_cv_env_CXX_value=
ac_cv_env_LDFLAGS_set=
ac_cv_env_LDFLAGS_value=
ac_cv_env_LIBAVCODEC_CFLAGS_set=
ac_cv_env_LIBAVCODEC_CFLAGS_value=
ac_cv_env_LIBAVCODEC_LIBS_set=
ac_cv_env_LIBAVCODEC_LIBS_value=
ac_cv_env_LIBAVUTIL_CFLAGS_set=
ac_cv_env_LIBAVUTIL_CFLAGS_value=
ac_cv_env_LIBAVUTIL_LIBS_set=
ac_cv_env_LIBAVUTIL_LIBS_value=
ac_cv_env_LIBS_set=
ac_cv_env_LIBS_value=
ac_cv_env_PKG_CONFIG_LIBDIR_set=
ac_cv_env_PKG_CONFIG_LIBDIR_value=
ac_cv_env_PKG_CONFIG_PATH_set=
ac_cv_env_PKG_CONFIG_PATH_value=
ac_cv_env_PKG_CONFIG_set=
ac_cv_env_PKG_CONFIG_value=
ac_cv_env_PTLIBDIR_set=
ac_cv_env_PTLIBDIR_value=
ac_cv_env_PTLIB_CFLAGS_set=
ac_cv_env_PTLIB_CFLAGS_value=
ac_cv_env_PTLIB_LIBS_set=
ac_cv_env_PTLIB_LIBS_value=
ac_cv_env_SPEEX_CFLAGS_set=
ac_cv_env_SPEEX_CFLAGS_value=
ac_cv_env_SPEEX_LIBS_set=
ac_cv_env_SPEEX_LIBS_value=
ac_cv_env_THEORA_CFLAGS_set=
ac_cv_env_THEORA_CFLAGS_value=
ac_cv_env_THEORA_LIBS_set=
ac_cv_env_THEORA_LIBS_value=
ac_cv_env_X264_CFLAGS_set=
ac_cv_env_X264_CFLAGS_value=
ac_cv_env_X264_LIBS_set=
ac_cv_env_X264_LIBS_value=
ac_cv_env_build_alias_set=
ac_cv_env_build_alias_value=
ac_cv_env_host_alias_set=set
ac_cv_env_host_alias_value=arm-apple-darwin11
ac_cv_env_target_alias_set=
ac_cv_env_target_alias_value=
ac_cv_func_fork=yes
ac_cv_func_fork_works=yes
ac_cv_func_vfork=yes
ac_cv_func_vfork_works=yes
ac_cv_header_dlfcn_h=yes
ac_cv_header_fcntl_h=yes
ac_cv_header_float_h=yes
ac_cv_header_inttypes_h=yes
ac_cv_header_libavcodec_avcodec_h=yes
ac_cv_header_limits_h=yes
ac_cv_header_memory_h=yes
ac_cv_header_netinet_in_h=yes
ac_cv_header_stdc=yes
ac_cv_header_stddef_h=yes
ac_cv_header_stdint_h=yes
ac_cv_header_stdlib_h=yes
ac_cv_header_string_h=yes
ac_cv_header_strings_h=yes
ac_cv_header_sys_file_h=yes
ac_cv_header_sys_stat_h=yes
ac_cv_header_sys_time_h=yes
ac_cv_header_sys_types_h=yes
ac_cv_header_unistd_h=yes
ac_cv_header_vfork_h=no
ac_cv_host=arm-apple-darwin11
ac_cv_lib_c_dlopen=yes
ac_cv_lib_gsm_gsm_create=no
ac_cv_lib_ilbc_iLBC_encode=no
ac_cv_lib_spandsp_fax_free=no
ac_cv_objext=o
ac_cv_path_EGREP='/usr/bin/grep -E'
ac_cv_path_GREP=/usr/bin/grep
ac_cv_path_ac_pt_PKG_CONFIG=/usr/local/bin/pkg-config
ac_cv_path_install='/usr/bin/install -c'
ac_cv_prog_CPP='gcc -E'
ac_cv_prog_CXXCPP='g++ -E'
ac_cv_prog_ac_ct_CC=gcc
ac_cv_prog_ac_ct_CXX=g++
ac_cv_prog_ac_ct_NM=nm
ac_cv_prog_ac_ct_RANLIB=ranlib
ac_cv_prog_cc_c89=
ac_cv_prog_cc_g=yes
ac_cv_prog_cxx_g=yes
ac_cv_sizeof_int=4
ac_cv_sizeof_long=8
ac_cv_sizeof_long_long=8
ac_cv_sizeof_short=2
ac_cv_target=arm-apple-darwin11
pkg_cv_LIBAVCODEC_CFLAGS='-I/usr/local/include  '
pkg_cv_LIBAVCODEC_LIBS='-L/usr/local/lib -lavcodec -lz -lbz2 -lm -lavutil  '
pkg_cv_LIBAVUTIL_CFLAGS='-I/usr/local/include  '
pkg_cv_LIBAVUTIL_LIBS='-L/usr/local/lib -lavutil  '
pkg_cv_PTLIB_CFLAGS='-DPTRACING=2 -D_REENTRANT -fno-exceptions -I/usr/local/include  '
pkg_cv_PTLIB_LIBS='-L/Developer/Platforms/iPhoneOS.platform/Developer/SDKs/iPhoneOS5.0.sdk/usr/lib -L/usr/local/lib -lpt  '

## ----------------- ##
## Output variables. ##
## ----------------- ##

AC_PLUGIN_DIR='opal-3.11.0/codecs/audio'
CC='gcc'
CELT_CFLAGS=''
CELT_LIBS=''
CFLAGS=' -DPTRACING=2 -D_REENTRANT -fno-exceptions -I/usr/local/include   -fno-common -dynamic -fPIC -D__MACOSX__'
CPP='gcc -E'
CPPFLAGS=''
CXX='g++'
CXXCPP='g++ -E'
CXXFLAGS='-g -O2 -felide-constructors -Wreorder -D__STDC_CONSTANT_MACROS'
DEFAULT_TO_FULL_CAPABILITIES='yes'
DEFS='-DHAVE_CONFIG_H'
DL_LIBS='-lc'
ECHO_C='\c'
ECHO_N=''
ECHO_T=''
EGREP='/usr/bin/grep -E'
EXEEXT=''
FAX_PLUGIN_DIR='opal-3.11.0/fax'
GREP='/usr/bin/grep'
GSM_CFLAGS=''
GSM_LIBS=''
GSM_SYSTEM='no'
HAVE_LIBAVCODEC='yes'
HAVE_LIBAVCODEC_RTP_MODE=''
HAVE_LIBDL='yes'
HAVE_VPB='no'
ILBC_CFLAGS=''
ILBC_LIBS=''
ILBC_SYSTEM='no'
INSTALL_DATA='${INSTALL} -m 644'
INSTALL_PROGRAM='${INSTALL}'
INSTALL_SCRIPT='${INSTALL}'
IS_H264_LICENSED='no'
LDD=':'
LDFLAGS=''
LDSO='-dynamiclib -multiply_defined suppress'
LIBAVCODEC_CFLAGS='-I/usr/local/include  '
LIBAVCODEC_LIBS='-L/usr/local/lib -lavcodec -lz -lbz2 -lm -lavutil  '
LIBAVCODEC_LIB_NAME=''
LIBAVCODEC_SOURCE_DIR=''
LIBAVUTIL_CFLAGS='-I/usr/local/include  '
LIBAVUTIL_LIBS='-L/usr/local/lib -lavutil  '
LIBAVUTIL_LIB_NAME=''
LIBOBJS=''
LIBS=''
LID_PLUGIN_DIR='opal-3.11.0/lid'
LTLIBOBJS=''
MACHTYPE='arm'
NM='nm'
OBJDUMP=':'
OBJEXT='o'
OSTYPE='Darwin'
PACKAGE_BUGREPORT=''
PACKAGE_NAME=''
PACKAGE_STRING=''
PACKAGE_TARNAME=''
PACKAGE_URL=''
PACKAGE_VERSION=''
PATH_SEPARATOR=':'
PKG_CONFIG='/usr/local/bin/pkg-config'
PKG_CONFIG_LIBDIR=''
PKG_CONFIG_PATH=''
PLUGINDIR='/Users/keid/opal/plugins'
PLUGINEXT='dylib'
PTLIBDIR=''
PTLIB_CFLAGS='-DPTRACING=2 -D_REENTRANT -fno-exceptions -I/usr/local/include  '
PTLIB_LIBS='-L/Developer/Platforms/iPhoneOS.platform/Developer/SDKs/iPhoneOS5.0.sdk/usr/lib -L/usr/local/lib -lpt  '
RANLIB='ranlib'
SHELL='/bin/sh'
SIZE16='short'
SIZE32='int'
SPANDSP_CFLAGS=''
SPANDSP_LIBS=''
SPEEX_CFLAGS=''
SPEEX_LIBS=''
SPEEX_SYSTEM='no'
SUBDIRS=' audio/GSM0610 audio/gsm-amr audio/iLBC audio/Speex audio/G722 audio/G.722.1 audio/G.722.2 audio/G726 audio/LPC_10 audio/IMA_ADPCM audio/SILK video/H.261-vic video/H.263-1998 video/MPEG4-ffmpeg'
THEORA_CFLAGS=''
THEORA_LIBS=''
VC_PLUGIN_DIR='opal-3.11.0/codecs/video'
WIN32='no'
X264_CFLAGS=''
X264_LIBS=''
X264_LIB_NAME=''
ac_ct_CC='gcc'
ac_ct_CXX='g++'
bindir='${exec_prefix}/bin'
build='i686-apple-darwin11.2.0'
build_alias=''
build_cpu='i686'
build_os='darwin11.2.0'
build_vendor='apple'
datadir='${datarootdir}'
datarootdir='${prefix}/share'
docdir='${datarootdir}/doc/${PACKAGE}'
dvidir='${docdir}'
exec_prefix='${prefix}'
host='arm-apple-darwin11'
host_alias='arm-apple-darwin11'
host_cpu='arm'
host_os='darwin11'
host_vendor='apple'
htmldir='${docdir}'
includedir='${prefix}/include'
infodir='${datarootdir}/info'
libdir='${exec_prefix}/lib'
libexecdir='${exec_prefix}/libexec'
localedir='${datarootdir}/locale'
localstatedir='${prefix}/var'
mandir='${datarootdir}/man'
oldincludedir='/usr/include'
pdfdir='${docdir}'
prefix='/usr/local'
program_transform_name='s,x,x,'
psdir='${docdir}'
sbindir='${exec_prefix}/sbin'
sharedstatedir='${prefix}/com'
sysconfdir='${prefix}/etc'
target='arm-apple-darwin11'
target_alias=''
target_cpu='arm'
target_os='darwin11'
target_vendor='apple'

## ----------- ##
## confdefs.h. ##
## ----------- ##

/* confdefs.h */
#define PACKAGE_NAME ""
#define PACKAGE_TARNAME ""
#define PACKAGE_VERSION ""
#define PACKAGE_STRING ""
#define PACKAGE_BUGREPORT ""
#define PACKAGE_URL ""
#define STDC_HEADERS 1
#define HAVE_SYS_TYPES_H 1
#define HAVE_SYS_STAT_H 1
#define HAVE_STDLIB_H 1
#define HAVE_STRING_H 1
#define HAVE_MEMORY_H 1
#define HAVE_STRINGS_H 1
#define HAVE_INTTYPES_H 1
#define HAVE_STDINT_H 1
#define HAVE_UNISTD_H 1
#define HAVE_STDDEF_H 1
#define HAVE_LIMITS_H 1
#define HAVE_FLOAT_H 1
#define HAVE_FCNTL_H 1
#define HAVE_SYS_TIME_H 1
#define HAVE_SYS_FILE_H 1
#define HAVE_NETINET_IN_H 1
#define HAVE_FORK 1
#define HAVE_VFORK 1
#define HAVE_WORKING_VFORK 1
#define HAVE_WORKING_FORK 1
#define HAVE_DLFCN_H 1
#define SIZEOF_SHORT 2
#define SIZEOF_INT 4
#define SIZEOF_LONG 8
#define SIZEOF_LONG_LONG 8
#define DEFAULT_TO_FULL_CAPABILITIES 1
#define HAVE_LIBAVCODEC 1
#define LIBAVCODEC_LIB_NAME ""
#define LIBAVCODEC_HEADER "libavcodec/avcodec.h"
#define LIBAVUTIL_LIB_NAME ""
#define AV_PICTURE_TYPE_NONE 0
#define HAVE_POSIX_MEMALIGN 1

configure: exit 1
